Using pre-set license
Built from '2020.3/staging' branch; Version is '2020.3.38f1 (8f5fde82e2dc) revision 9396190'; Using compiler version '192528614'; Build Type 'Release'
OS: 'Windows 10  (10.0.19044) 64bit Professional' Language: 'uk' Physical Memory: 8043 MB
BatchMode: 1, IsHumanControllingUs: 0, StartBugReporterOnCrash: 0, Is64bit: 1, IsPro: 0

COMMAND LINE ARGUMENTS:
D:\Unity Editor\2020.3.38f1\Editor\Unity.exe
-adb2
-batchMode
-noUpm
-name
AssetImportWorker0
-projectPath
D:/Users/Asus/Documents/GitHub/3D_Castle_ProBuilder/3D Castle
-logFile
Logs/AssetImportWorker0.log
-srvPort
3340
Successfully changed project path to: D:/Users/Asus/Documents/GitHub/3D_Castle_ProBuilder/3D Castle
D:/Users/Asus/Documents/GitHub/3D_Castle_ProBuilder/3D Castle
Using Asset Import Pipeline V2.
Refreshing native plugins compatible for Editor in 48.40 ms, found 2 plugins.
Preloading 0 native plugins for Editor in 0.00 ms.
Initialize engine version: 2020.3.38f1 (8f5fde82e2dc)
[Subsystems] Discovering subsystems at path D:/Unity Editor/2020.3.38f1/Editor/Data/Resources/UnitySubsystems
[Subsystems] Discovering subsystems at path D:/Users/Asus/Documents/GitHub/3D_Castle_ProBuilder/3D Castle/Assets
GfxDevice: creating device client; threaded=0
Direct3D:
    Version:  Direct3D 11.0 [level 11.1]
    Renderer: NVIDIA GeForce GTX 1650 (ID=0x1f91)
    Vendor:   
    VRAM:     3964 MB
    Driver:   31.0.15.1640
Initialize mono
Mono path[0] = 'D:/Unity Editor/2020.3.38f1/Editor/Data/Managed'
Mono path[1] = 'D:/Unity Editor/2020.3.38f1/Editor/Data/MonoBleedingEdge/lib/mono/unityjit'
Mono config path = 'D:/Unity Editor/2020.3.38f1/Editor/Data/MonoBleedingEdge/etc'
Using monoOptions --debugger-agent=transport=dt_socket,embedding=1,server=y,suspend=n,address=127.0.0.1:56416
Begin MonoManager ReloadAssembly
Registering precompiled unity dll's ...
Register platform support module: D:/Unity Editor/2020.3.38f1/Editor/Data/PlaybackEngines/WindowsStandaloneSupport/UnityEditor.WindowsStandalone.Extensions.dll
Registered in 0.001265 seconds.
Native extension for WindowsStandalone target not found
Refreshing native plugins compatible for Editor in 42.00 ms, found 2 plugins.
Preloading 0 native plugins for Editor in 0.00 ms.
Mono: successfully reloaded assembly
- Completed reload, in  0.714 seconds
Domain Reload Profiling:
	ReloadAssembly (714ms)
		BeginReloadAssembly (108ms)
			ExecutionOrderSort (0ms)
			DisableScriptedObjects (0ms)
			BackupInstance (0ms)
			ReleaseScriptingObjects (0ms)
			CreateAndSetChildDomain (1ms)
		EndReloadAssembly (521ms)
			LoadAssemblies (107ms)
			RebuildTransferFunctionScriptingTraits (0ms)
			SetupTypeCache (179ms)
			ReleaseScriptCaches (0ms)
			RebuildScriptCaches (36ms)
			SetupLoadedEditorAssemblies (189ms)
				LogAssemblyErrors (0ms)
				InitializePlatformSupportModulesInManaged (5ms)
				SetLoadedEditorAssemblies (0ms)
				RefreshPlugins (42ms)
				BeforeProcessingInitializeOnLoad (16ms)
				ProcessInitializeOnLoadAttributes (93ms)
				ProcessInitializeOnLoadMethodAttributes (32ms)
				AfterProcessingInitializeOnLoad (0ms)
				EditorAssembliesLoaded (0ms)
			ExecutionOrderSort2 (0ms)
			AwakeInstancesAfterBackupRestoration (0ms)
Platform modules already initialized, skipping
Registering precompiled user dll's ...
Registered in 0.002974 seconds.
Begin MonoManager ReloadAssembly
Native extension for WindowsStandalone target not found
Refreshing native plugins compatible for Editor in 0.48 ms, found 2 plugins.
Preloading 0 native plugins for Editor in 0.00 ms.
Mono: successfully reloaded assembly
- Completed reload, in  1.213 seconds
Domain Reload Profiling:
	ReloadAssembly (1214ms)
		BeginReloadAssembly (205ms)
			ExecutionOrderSort (0ms)
			DisableScriptedObjects (5ms)
			BackupInstance (0ms)
			ReleaseScriptingObjects (0ms)
			CreateAndSetChildDomain (24ms)
		EndReloadAssembly (947ms)
			LoadAssemblies (154ms)
			RebuildTransferFunctionScriptingTraits (0ms)
			SetupTypeCache (328ms)
			ReleaseScriptCaches (0ms)
			RebuildScriptCaches (50ms)
			SetupLoadedEditorAssemblies (357ms)
				LogAssemblyErrors (0ms)
				InitializePlatformSupportModulesInManaged (5ms)
				SetLoadedEditorAssemblies (1ms)
				RefreshPlugins (1ms)
				BeforeProcessingInitializeOnLoad (92ms)
				ProcessInitializeOnLoadAttributes (240ms)
				ProcessInitializeOnLoadMethodAttributes (17ms)
				AfterProcessingInitializeOnLoad (2ms)
				EditorAssembliesLoaded (0ms)
			ExecutionOrderSort2 (0ms)
			AwakeInstancesAfterBackupRestoration (3ms)
Platform modules already initialized, skipping
========================================================================
Worker process is ready to serve import requests
Launched and connected shader compiler UnityShaderCompiler.exe after 0.07 seconds
Refreshing native plugins compatible for Editor in 1.02 ms, found 2 plugins.
Preloading 0 native plugins for Editor in 0.00 ms.
Unloading 1881 Unused Serialized files (Serialized files now loaded: 0)
System memory in use before: 85.4 MB.
System memory in use after: 85.4 MB.

Unloading 17 unused Assets to reduce memory usage. Loaded Objects now: 2319.
Total: 3.143000 ms (FindLiveObjects: 0.197100 ms CreateObjectMapping: 0.080100 ms MarkObjects: 2.762700 ms  DeleteObjects: 0.102000 ms)

AssetImportParameters requested are different than current active one (requested -> active):
  custom:framework-win-MediaFoundation: 216162199b28c13a410421893ffa2e32 -> 
  custom:video-decoder-ogg-theora: a1e56fd34408186e4bbccfd4996cb3dc -> 
  custom:container-muxer-webm: aa71ff27fc2769a1b78a27578f13a17b -> 
  custom:container-demuxer-webm: 4f35f7cbe854078d1ac9338744f61a02 -> 
  custom:container-demuxer-ogg: 62fdf1f143b41e24485cea50d1cbac27 -> 
  custom:video-encoder-webm-vp8: eb34c28f22e8b96e1ab97ce403110664 -> 
  custom:video-decoder-webm-vp8: 9c59270c3fd7afecdb556c50c9e8de78 -> 
  custom:audio-decoder-ogg-vorbis: bf7c407c2cedff20999df2af8eb42d56 -> 
  custom:audio-encoder-webm-vorbis: bf7c407c2cedff20999df2af8eb42d56 -> 
========================================================================
Received Import Request.
  path: Assets/Black.mat
  artifactKey: Guid(58a55dd514bc96c42a57de219beea89c) Importer(815301076,1909f56bfc062723c751e8b465ee728b)
Start importing Assets/Black.mat using Guid(58a55dd514bc96c42a57de219beea89c) Importer(815301076,1909f56bfc062723c751e8b465ee728b)  -> (artifact id: '49647dfa69375d32906404aa6eb83f06') in 0.208502 seconds 
========================================================================
Received Import Request.
  Time since last request: 29.407729 seconds.
  path: Assets
  artifactKey: Guid(00000000000000001000000000000000) Importer(815301076,1909f56bfc062723c751e8b465ee728b)
Start importing Assets using Guid(00000000000000001000000000000000) Importer(815301076,1909f56bfc062723c751e8b465ee728b)  -> (artifact id: '42d402b061de3733987d63b9cc3b64de') in 0.002575 seconds 
========================================================================
Received Import Request.
  Time since last request: 15.652971 seconds.
  path: Assets/New Material.mat
  artifactKey: Guid(227aa0d336a2bed46bf5ce2e660fbc2a) Importer(815301076,1909f56bfc062723c751e8b465ee728b)
Start importing Assets/New Material.mat using Guid(227aa0d336a2bed46bf5ce2e660fbc2a) Importer(815301076,1909f56bfc062723c751e8b465ee728b)  -> (artifact id: 'e29a1cf6097cb70fe25618e6d6b67859') in 0.014508 seconds 
========================================================================
Received Import Request.
  Time since last request: 48.628249 seconds.
  path: Packages/com.unity.probuilder/Content/Resources/Textures/GridBox_Default.png
  artifactKey: Guid(6344bf96fbda94141a525046d088fb23) Importer(815301076,1909f56bfc062723c751e8b465ee728b)
Start importing Packages/com.unity.probuilder/Content/Resources/Textures/GridBox_Default.png using Guid(6344bf96fbda94141a525046d088fb23) Importer(815301076,1909f56bfc062723c751e8b465ee728b)  -> (artifact id: 'de505674419b8ec93c1df15391003f39') in 0.168273 seconds 
========================================================================
Received Import Request.
  Time since last request: 53.175814 seconds.
  path: Assets/New Material 1.mat
  artifactKey: Guid(64ce29421c01e3d46b385e193289f2ac) Importer(815301076,1909f56bfc062723c751e8b465ee728b)
Start importing Assets/New Material 1.mat using Guid(64ce29421c01e3d46b385e193289f2ac) Importer(815301076,1909f56bfc062723c751e8b465ee728b)  -> (artifact id: 'e0c7bcde19204b5d9ea2e1822c145a09') in 0.011689 seconds 
========================================================================
Received Import Request.
  Time since last request: 47.956431 seconds.
  path: Assets/New Material 2.mat
  artifactKey: Guid(a9387e24dac5bf947b454870183ef1fe) Importer(815301076,1909f56bfc062723c751e8b465ee728b)
Start importing Assets/New Material 2.mat using Guid(a9387e24dac5bf947b454870183ef1fe) Importer(815301076,1909f56bfc062723c751e8b465ee728b)  -> (artifact id: 'bb13763167fd339dc006211b71a84d9b') in 0.011982 seconds 
========================================================================
Received Import Request.
  Time since last request: 83.578458 seconds.
  path: Assets/New Material 3.mat
  artifactKey: Guid(7ddcb4ffc87085e439e5ab43fb702a0c) Importer(815301076,1909f56bfc062723c751e8b465ee728b)
Start importing Assets/New Material 3.mat using Guid(7ddcb4ffc87085e439e5ab43fb702a0c) Importer(815301076,1909f56bfc062723c751e8b465ee728b)  -> (artifact id: '3edec5c40fee530b69fb122a85e317e7') in 0.010191 seconds 
========================================================================
Received Import Request.
  Time since last request: 73.120829 seconds.
  path: Assets/Black.mat
  artifactKey: Guid(58a55dd514bc96c42a57de219beea89c) Importer(815301076,1909f56bfc062723c751e8b465ee728b)
Start importing Assets/Black.mat using Guid(58a55dd514bc96c42a57de219beea89c) Importer(815301076,1909f56bfc062723c751e8b465ee728b)  -> (artifact id: '7237891a1ff129a52add02319c1b77ad') in 0.014775 seconds 
========================================================================
Received Import Request.
  Time since last request: 0.000358 seconds.
  path: Assets/New Material.mat
  artifactKey: Guid(227aa0d336a2bed46bf5ce2e660fbc2a) Importer(815301076,1909f56bfc062723c751e8b465ee728b)
Start importing Assets/New Material.mat using Guid(227aa0d336a2bed46bf5ce2e660fbc2a) Importer(815301076,1909f56bfc062723c751e8b465ee728b)  -> (artifact id: 'f6002709fb5d81ce9a12555a25b4c833') in 0.012780 seconds 
========================================================================
Received Import Request.
  Time since last request: 0.000456 seconds.
  path: Assets/New Material 2.mat
  artifactKey: Guid(a9387e24dac5bf947b454870183ef1fe) Importer(815301076,1909f56bfc062723c751e8b465ee728b)
Start importing Assets/New Material 2.mat using Guid(a9387e24dac5bf947b454870183ef1fe) Importer(815301076,1909f56bfc062723c751e8b465ee728b)  -> (artifact id: 'bb4a50b16b82e2ae18494e516fba07ac') in 0.012220 seconds 
========================================================================
Received Import Request.
  Time since last request: 0.000289 seconds.
  path: Assets/New Material 3.mat
  artifactKey: Guid(7ddcb4ffc87085e439e5ab43fb702a0c) Importer(815301076,1909f56bfc062723c751e8b465ee728b)
Start importing Assets/New Material 3.mat using Guid(7ddcb4ffc87085e439e5ab43fb702a0c) Importer(815301076,1909f56bfc062723c751e8b465ee728b)  -> (artifact id: '12f751d09bf6baecc9214c330077733d') in 0.012623 seconds 
========================================================================
Received Import Request.
  Time since last request: 0.000363 seconds.
  path: Assets/New Material 1.mat
  artifactKey: Guid(64ce29421c01e3d46b385e193289f2ac) Importer(815301076,1909f56bfc062723c751e8b465ee728b)
Start importing Assets/New Material 1.mat using Guid(64ce29421c01e3d46b385e193289f2ac) Importer(815301076,1909f56bfc062723c751e8b465ee728b)  -> (artifact id: '4b22ada303a192d636826319aa7e1280') in 0.011885 seconds 
